Traceback (most recent call last):
  File "/usr/local/lib/python3.9/dist-packages/jupyter_cache/executors/utils.py", line 58, in single_nb_execution
    executenb(
  File "/usr/local/lib/python3.9/dist-packages/nbclient/client.py", line 1204, in execute
    return NotebookClient(nb=nb, resources=resources, km=km, **kwargs).execute()
  File "/usr/local/lib/python3.9/dist-packages/nbclient/util.py", line 84, in wrapped
    return just_run(coro(*args, **kwargs))
  File "/usr/local/lib/python3.9/dist-packages/nbclient/util.py", line 62, in just_run
    return loop.run_until_complete(coro)
  File "/usr/lib/python3.9/asyncio/base_events.py", line 647, in run_until_complete
    return future.result()
  File "/usr/local/lib/python3.9/dist-packages/nbclient/client.py", line 663, in async_execute
    await self.async_execute_cell(
  File "/usr/local/lib/python3.9/dist-packages/nbclient/client.py", line 965, in async_execute_cell
    await self._check_raise_for_error(cell, cell_index, exec_reply)
  File "/usr/local/lib/python3.9/dist-packages/nbclient/client.py", line 862, in _check_raise_for_error
    raise CellExecutionError.from_cell_and_msg(cell, exec_reply_content)
nbclient.exceptions.CellExecutionError: An error occurred while executing the following cell:
------------------
nb = GaussianNB()
nb.fit(X_train, y_train)

------------------

[0;31m[0m
[0;31mValueError[0mTraceback (most recent call last)
[0;32m<ipython-input-7-d839c48e3998>[0m in [0;36m<cell line: 2>[0;34m()[0m
[1;32m      1[0m [0mnb[0m [0;34m=[0m [0mGaussianNB[0m[0;34m([0m[0;34m)[0m[0;34m[0m[0;34m[0m[0m
[0;32m----> 2[0;31m [0mnb[0m[0;34m.[0m[0mfit[0m[0;34m([0m[0mX_train[0m[0;34m,[0m [0my_train[0m[0;34m)[0m[0;34m[0m[0;34m[0m[0m
[0m
[0;32m/usr/local/lib/python3.9/dist-packages/sklearn/naive_bayes.py[0m in [0;36mfit[0;34m(self, X, y, sample_weight)[0m
[1;32m    265[0m         [0mself[0m[0;34m.[0m[0m_validate_params[0m[0;34m([0m[0;34m)[0m[0;34m[0m[0;34m[0m[0m
[1;32m    266[0m         [0my[0m [0;34m=[0m [0mself[0m[0;34m.[0m[0m_validate_data[0m[0;34m([0m[0my[0m[0;34m=[0m[0my[0m[0;34m)[0m[0;34m[0m[0;34m[0m[0m
[0;32m--> 267[0;31m         return self._partial_fit(
[0m[1;32m    268[0m             [0mX[0m[0;34m,[0m [0my[0m[0;34m,[0m [0mnp[0m[0;34m.[0m[0munique[0m[0;34m([0m[0my[0m[0;34m)[0m[0;34m,[0m [0m_refit[0m[0;34m=[0m[0;32mTrue[0m[0;34m,[0m [0msample_weight[0m[0;34m=[0m[0msample_weight[0m[0;34m[0m[0;34m[0m[0m
[1;32m    269[0m         )

[0;32m/usr/local/lib/python3.9/dist-packages/sklearn/naive_bayes.py[0m in [0;36m_partial_fit[0;34m(self, X, y, classes, _refit, sample_weight)[0m
[1;32m    426[0m [0;34m[0m[0m
[1;32m    427[0m         [0mfirst_call[0m [0;34m=[0m [0m_check_partial_fit_first_call[0m[0;34m([0m[0mself[0m[0;34m,[0m [0mclasses[0m[0;34m)[0m[0;34m[0m[0;34m[0m[0m
[0;32m--> 428[0;31m         [0mX[0m[0;34m,[0m [0my[0m [0;34m=[0m [0mself[0m[0;34m.[0m[0m_validate_data[0m[0;34m([0m[0mX[0m[0;34m,[0m [0my[0m[0;34m,[0m [0mreset[0m[0;34m=[0m[0mfirst_call[0m[0;34m)[0m[0;34m[0m[0;34m[0m[0m
[0m[1;32m    429[0m         [0;32mif[0m [0msample_weight[0m [0;32mis[0m [0;32mnot[0m [0;32mNone[0m[0;34m:[0m[0;34m[0m[0;34m[0m[0m
[1;32m    430[0m             [0msample_weight[0m [0;34m=[0m [0m_check_sample_weight[0m[0;34m([0m[0msample_weight[0m[0;34m,[0m [0mX[0m[0;34m)[0m[0;34m[0m[0;34m[0m[0m

[0;32m/usr/local/lib/python3.9/dist-packages/sklearn/base.py[0m in [0;36m_validate_data[0;34m(self, X, y, reset, validate_separately, **check_params)[0m
[1;32m    582[0m                 [0my[0m [0;34m=[0m [0mcheck_array[0m[0;34m([0m[0my[0m[0;34m,[0m [0minput_name[0m[0;34m=[0m[0;34m"y"[0m[0;34m,[0m [0;34m**[0m[0mcheck_y_params[0m[0;34m)[0m[0;34m[0m[0;34m[0m[0m
[1;32m    583[0m             [0;32melse[0m[0;34m:[0m[0;34m[0m[0;34m[0m[0m
[0;32m--> 584[0;31m                 [0mX[0m[0;34m,[0m [0my[0m [0;34m=[0m [0mcheck_X_y[0m[0;34m([0m[0mX[0m[0;34m,[0m [0my[0m[0;34m,[0m [0;34m**[0m[0mcheck_params[0m[0;34m)[0m[0;34m[0m[0;34m[0m[0m
[0m[1;32m    585[0m             [0mout[0m [0;34m=[0m [0mX[0m[0;34m,[0m [0my[0m[0;34m[0m[0;34m[0m[0m
[1;32m    586[0m [0;34m[0m[0m

[0;32m/usr/local/lib/python3.9/dist-packages/sklearn/utils/validation.py[0m in [0;36mcheck_X_y[0;34m(X, y, accept_sparse, accept_large_sparse, dtype, order, copy, force_all_finite, ensure_2d, allow_nd, multi_output, ensure_min_samples, ensure_min_features, y_numeric, estimator)[0m
[1;32m   1104[0m         )
[1;32m   1105[0m [0;34m[0m[0m
[0;32m-> 1106[0;31m     X = check_array(
[0m[1;32m   1107[0m         [0mX[0m[0;34m,[0m[0;34m[0m[0;34m[0m[0m
[1;32m   1108[0m         [0maccept_sparse[0m[0;34m=[0m[0maccept_sparse[0m[0;34m,[0m[0;34m[0m[0;34m[0m[0m

[0;32m/usr/local/lib/python3.9/dist-packages/sklearn/utils/validation.py[0m in [0;36mcheck_array[0;34m(array, accept_sparse, accept_large_sparse, dtype, order, copy, force_all_finite, ensure_2d, allow_nd, ensure_min_samples, ensure_min_features, estimator, input_name)[0m
[1;32m    877[0m                     [0marray[0m [0;34m=[0m [0mxp[0m[0;34m.[0m[0mastype[0m[0;34m([0m[0marray[0m[0;34m,[0m [0mdtype[0m[0;34m,[0m [0mcopy[0m[0;34m=[0m[0;32mFalse[0m[0;34m)[0m[0;34m[0m[0;34m[0m[0m
[1;32m    878[0m                 [0;32melse[0m[0;34m:[0m[0;34m[0m[0;34m[0m[0m
[0;32m--> 879[0;31m                     [0marray[0m [0;34m=[0m [0m_asarray_with_order[0m[0;34m([0m[0marray[0m[0;34m,[0m [0morder[0m[0;34m=[0m[0morder[0m[0;34m,[0m [0mdtype[0m[0;34m=[0m[0mdtype[0m[0;34m,[0m [0mxp[0m[0;34m=[0m[0mxp[0m[0;34m)[0m[0;34m[0m[0;34m[0m[0m
[0m[1;32m    880[0m             [0;32mexcept[0m [0mComplexWarning[0m [0;32mas[0m [0mcomplex_warning[0m[0;34m:[0m[0;34m[0m[0;34m[0m[0m
[1;32m    881[0m                 raise ValueError(

[0;32m/usr/local/lib/python3.9/dist-packages/sklearn/utils/_array_api.py[0m in [0;36m_asarray_with_order[0;34m(array, dtype, order, copy, xp)[0m
[1;32m    183[0m     [0;32mif[0m [0mxp[0m[0;34m.[0m[0m__name__[0m [0;32min[0m [0;34m{[0m[0;34m"numpy"[0m[0;34m,[0m [0;34m"numpy.array_api"[0m[0;34m}[0m[0;34m:[0m[0;34m[0m[0;34m[0m[0m
[1;32m    184[0m         [0;31m# Use NumPy API to support order[0m[0;34m[0m[0;34m[0m[0m
[0;32m--> 185[0;31m         [0marray[0m [0;34m=[0m [0mnumpy[0m[0;34m.[0m[0masarray[0m[0;34m([0m[0marray[0m[0;34m,[0m [0morder[0m[0;34m=[0m[0morder[0m[0;34m,[0m [0mdtype[0m[0;34m=[0m[0mdtype[0m[0;34m)[0m[0;34m[0m[0;34m[0m[0m
[0m[1;32m    186[0m         [0;32mreturn[0m [0mxp[0m[0;34m.[0m[0masarray[0m[0;34m([0m[0marray[0m[0;34m,[0m [0mcopy[0m[0;34m=[0m[0mcopy[0m[0;34m)[0m[0;34m[0m[0;34m[0m[0m
[1;32m    187[0m     [0;32melse[0m[0;34m:[0m[0;34m[0m[0;34m[0m[0m

[0;31mValueError[0m: could not convert string to float: '40-49'
ValueError: could not convert string to float: '40-49'

